<?xml version="1.0" encoding="UTF-8"?>
<!-- Generated by org.testng.reporters.JUnitReportReporter -->
<testsuite hostname="ITEM-S138736" failures="0" tests="3" name="dataDriven.excelDataProvider.dataProvider" time="0.005" errors="0" timestamp="2023-09-08T17:49:22 IST" skipped="0">
  <testcase classname="dataDriven.excelDataProvider.dataProvider" name="testCaseData" time="0.000"/>
  <testcase classname="dataDriven.excelDataProvider.dataProvider" name="testCaseData" time="0.004"/>
  <testcase classname="dataDriven.excelDataProvider.dataProvider" name="testCaseData" time="0.001"/>
</testsuite> <!-- dataDriven.excelDataProvider.dataProvider -->
