<?xml version="1.0" encoding="UTF-8"?>
<!-- Generated by org.testng.reporters.JUnitReportReporter -->
<testsuite hostname="ITEM-S138736" failures="0" tests="1" name="dataDriven.excelDataProvider.excel" time="0.513" errors="0" timestamp="2023-09-08T17:46:51 IST" skipped="0">
  <testcase classname="dataDriven.excelDataProvider.excel" name="getExcel" time="0.513"/>
</testsuite> <!-- dataDriven.excelDataProvider.excel -->
